<?xml version="1.0" encoding="UTF-8"?>
<!-- Generated by org.testng.reporters.JUnitXMLReporter -->
<testsuite ignored="0" hostname="Rahul-Ramagiri" failures="3" tests="19" name="Test" time="136.606" errors="0" timestamp="2024-06-05T12:05:06 IST">
  <testcase classname="AutomationTestCases.RegisterUser" name="ClickOnSignuplink" time="0.488"/>
  <testcase classname="AutomationTestCases.RegisterUser" name="SignUp" time="5.072"/>
  <testcase classname="AutomationTestCases.RegisterUser" name="DeleteAccount" time="0.518"/>
  <testcase classname="AutomationTestCases.RegisterUser" name="RegiesterWithSameEamil" time="1.038"/>
  <testcase classname="RoughPKG.TestCase" name="SssignUp" time="0.003"/>
  <testcase classname="AutomationTestCases.ContactUsForm_TestCasespage_ValidateProductsPage" name="ValidateContact" time="3.838"/>
  <testcase classname="AutomationTestCases.ContactUsForm_TestCasespage_ValidateProductsPage" name="ValidateTestCasePage" time="0.539"/>
  <testcase classname="AutomationTestCases.ContactUsForm_TestCasespage_ValidateProductsPage" name="ValidateProductsPage" time="2.457"/>
  <testcase classname="AutomationTestCases.ContactUsForm_TestCasespage_ValidateProductsPage" name="AddProductToCart" time="17.424">
    <failure type="org.openqa.selenium.NoSuchElementException" message="no such element: Unable to locate element: {&amp;quot;method&amp;quot;:&amp;quot;xpath&amp;quot;,&amp;quot;selector&amp;quot;:&amp;quot;//div[@class=&amp;apos;product-information&amp;apos;]&amp;quot;}
  (Session info: chrome=125.0.6422.141)
For documentation on this error, please visit: https://www.selenium.dev/documentation/webdriver/troubleshooting/errors#no-such-element-exception
Build info: version: &amp;apos;4.19.1&amp;apos;, revision: &amp;apos;abe0ee07dc&amp;apos;
System info: os.name: &amp;apos;Windows 11&amp;apos;, os.arch: &amp;apos;amd64&amp;apos;, os.version: &amp;apos;10.0&amp;apos;, java.version: &amp;apos;17.0.10&amp;apos;
Driver info: org.openqa.selenium.chrome.ChromeDriver
Command: [7f8da286242da71562daaa7f3b418594, findElement {value=//div[@class=&amp;apos;product-information&amp;apos;], using=xpath}]
Capabilities {acceptInsecureCerts: false, browserName: chrome, browserVersion: 125.0.6422.141, chrome: {chromedriverVersion: 125.0.6422.141 (4b1e8393712..., userDataDir: C:\Users\Rahul\AppData\Loca...}, fedcm:accounts: true, goog:chromeOptions: {debuggerAddress: localhost:50219}, networkConnectionEnabled: false, pageLoadStrategy: normal, platformName: windows, proxy: Proxy(), se:cdp: ws://localhost:50219/devtoo..., se:cdpVersion: 125.0.6422.141, setWindowRect: true, strictFileInteractability: false, timeouts: {implicit: 0, pageLoad: 300000, script: 30000}, unhandledPromptBehavior: dismiss and notify, webauthn:extension:credBlob: true, webauthn:extension:largeBlob: true, webauthn:extension:minPinLength: true, webauthn:extension:prf: true, webauthn:virtualAuthenticators: true}
Session ID: 7f8da286242da71562daaa7f3b418594">
      <![CDATA[org.openqa.selenium.NoSuchElementException: no such element: Unable to locate element: {"method":"xpath","selector":"//div[@class='product-information']"}
  (Session info: chrome=125.0.6422.141)
For documentation on this error, please visit: https://www.selenium.dev/documentation/webdriver/troubleshooting/errors#no-such-element-exception
Build info: version: '4.19.1', revision: 'abe0ee07dc'
System info: os.name: 'Windows 11', os.arch: 'amd64', os.version: '10.0', java.version: '17.0.10'
Driver info: org.openqa.selenium.chrome.ChromeDriver
Command: [7f8da286242da71562daaa7f3b418594, findElement {value=//div[@class='product-information'], using=xpath}]
Capabilities {acceptInsecureCerts: false, browserName: chrome, browserVersion: 125.0.6422.141, chrome: {chromedriverVersion: 125.0.6422.141 (4b1e8393712..., userDataDir: C:\Users\Rahul\AppData\Loca...}, fedcm:accounts: true, goog:chromeOptions: {debuggerAddress: localhost:50219}, networkConnectionEnabled: false, pageLoadStrategy: normal, platformName: windows, proxy: Proxy(), se:cdp: ws://localhost:50219/devtoo..., se:cdpVersion: 125.0.6422.141, setWindowRect: true, strictFileInteractability: false, timeouts: {implicit: 0, pageLoad: 300000, script: 30000}, unhandledPromptBehavior: dismiss and notify, webauthn:extension:credBlob: true, webauthn:extension:largeBlob: true, webauthn:extension:minPinLength: true, webauthn:extension:prf: true, webauthn:virtualAuthenticators: true}
Session ID: 7f8da286242da71562daaa7f3b418594
at org.openqa.selenium.remote.ErrorCodec.decode(ErrorCodec.java:167)
at org.openqa.selenium.remote.codec.w3c.W3CHttpResponseCodec.decode(W3CHttpResponseCodec.java:138)
at org.openqa.selenium.remote.codec.w3c.W3CHttpResponseCodec.decode(W3CHttpResponseCodec.java:50)
at org.openqa.selenium.remote.HttpCommandExecutor.execute(HttpCommandExecutor.java:190)
at org.openqa.selenium.remote.service.DriverCommandExecutor.invokeExecute(DriverCommandExecutor.java:216)
at org.openqa.selenium.remote.service.DriverCommandExecutor.execute(DriverCommandExecutor.java:174)
at org.openqa.selenium.remote.RemoteWebDriver.execute(RemoteWebDriver.java:518)
at org.openqa.selenium.remote.ElementLocation$ElementFinder$2.findElement(ElementLocation.java:165)
at org.openqa.selenium.remote.ElementLocation.findElement(ElementLocation.java:59)
at org.openqa.selenium.remote.RemoteWebDriver.findElement(RemoteWebDriver.java:355)
at org.openqa.selenium.remote.RemoteWebDriver.findElement(RemoteWebDriver.java:349)
at org.openqa.selenium.support.pagefactory.DefaultElementLocator.findElement(DefaultElementLocator.java:68)
at org.openqa.selenium.support.pagefactory.internal.LocatingElementHandler.invoke(LocatingElementHandler.java:38)
at jdk.proxy2/jdk.proxy2.$Proxy14.findElement(Unknown Source)
at PageObjectsOfAutomation.ContactUsPage.ValidateProductInfo(ContactUsPage.java:263)
at AutomationTestCases.ContactUsForm_TestCasespage_ValidateProductsPage.AddProductToCart(ContactUsForm_TestCasespage_ValidateProductsPage.java:70)
at java.base/java.util.ArrayList.forEach(ArrayList.java:1511)
... Removed 32 stack frames]]>
    </failure>
  </testcase> <!-- AddProductToCart -->
  <testcase classname="AutomationTestCases.ContactUsForm_TestCasespage_ValidateProductsPage" name="ValidateSearchedPrductFution" time="5.546"/>
  <testcase classname="AutomationTestCases.ContactUsForm_TestCasespage_ValidateProductsPage" name="AddMoreItemsToCart" time="4.726"/>
  <testcase classname="AutomationTestCases.ContactUsForm_TestCasespage_ValidateProductsPage" name="ValidateCheckOutItems" time="15.408"/>
  <testcase classname="AutomationTestCases.ContactUsForm_TestCasespage_ValidateProductsPage" name="LoginbeforeCheckout" time="30.129">
    <failure type="java.lang.NullPointerException" message="Cannot invoke &amp;quot;Object.getClass()&amp;quot; because &amp;quot;exceptionDriver&amp;quot; is null">
      <![CDATA[java.lang.NullPointerException: Cannot invoke "Object.getClass()" because "exceptionDriver" is null
at org.openqa.selenium.support.ui.WebDriverWait.timeoutException(WebDriverWait.java:85)
at org.openqa.selenium.support.ui.FluentWait.until(FluentWait.java:228)
at PageObjectsOfAutomation.HomePageObjects.clickOnSignUp(HomePageObjects.java:148)
at AutomationTestCases.LoginTestCase.LoginAutomationFuntion(LoginTestCase.java:25)
at AutomationTestCases.ContactUsForm_TestCasespage_ValidateProductsPage.LoginbeforeCheckout(ContactUsForm_TestCasespage_ValidateProductsPage.java:124)
at java.base/java.util.ArrayList.forEach(ArrayList.java:1511)
... Removed 27 stack frames]]>
    </failure>
  </testcase> <!-- LoginbeforeCheckout -->
  <testcase classname="AutomationTestCases.ContactUsForm_TestCasespage_ValidateProductsPage" name="RemoveProductsFromCart" time="5.175">
    <failure type="java.lang.NullPointerException" message="Cannot invoke &amp;quot;org.openqa.selenium.WebDriver.findElement(org.openqa.selenium.By)&amp;quot; because &amp;quot;driver&amp;quot; is null">
      <![CDATA[java.lang.NullPointerException: Cannot invoke "org.openqa.selenium.WebDriver.findElement(org.openqa.selenium.By)" because "driver" is null
at org.openqa.selenium.support.ui.ExpectedConditions$7.apply(ExpectedConditions.java:194)
at org.openqa.selenium.support.ui.ExpectedConditions$7.apply(ExpectedConditions.java:190)
at org.openqa.selenium.support.ui.ExpectedConditions$22.apply(ExpectedConditions.java:627)
at org.openqa.selenium.support.ui.ExpectedConditions$22.apply(ExpectedConditions.java:624)
at org.openqa.selenium.support.ui.FluentWait.until(FluentWait.java:203)
at PageObjectsOfAutomation.ContactUsPage.ClickONDeleFromCartButton(ContactUsPage.java:456)
at AutomationTestCases.ContactUsForm_TestCasespage_ValidateProductsPage.RemoveProductsFromCart(ContactUsForm_TestCasespage_ValidateProductsPage.java:156)
at java.base/java.util.ArrayList.forEach(ArrayList.java:1511)
... Removed 27 stack frames]]>
    </failure>
  </testcase> <!-- RemoveProductsFromCart -->
  <testcase classname="AutomationTestCases.LoginTestCase" name="LoginAutomationFuntion" time="11.14"/>
  <testcase classname="AutomationTestCases.LoginTestCase" name="ValidateLogoutFuntion" time="1.936"/>
  <testcase classname="AutomationTestCases.LoginTestCase" name="ValidateLoginWithInvalidaCreds" time="2.044"/>
  <testcase classname="AutomationTestCases.LoginTestCase" name="ValidateSubscrition" time="0.253"/>
  <testcase classname="AutomationTestCases.LoginTestCase" name="ValidateSubscitionFromCart" time="1.033"/>
</testsuite> <!-- Test -->
