<html>
<head>
<title>TestNG:  Test</title>
<link href="../testng.css" rel="stylesheet" type="text/css" />
<link href="../my-testng.css" rel="stylesheet" type="text/css" />

<style type="text/css">
.log { display: none;} 
.stack-trace { display: none;} 
</style>
<script type="text/javascript">
<!--
function flip(e) {
  current = e.style.display;
  if (current == 'block') {
    e.style.display = 'none';
    return 0;
  }
  else {
    e.style.display = 'block';
    return 1;
  }
}

function toggleBox(szDivId, elem, msg1, msg2)
{
  var res = -1;  if (document.getElementById) {
    res = flip(document.getElementById(szDivId));
  }
  else if (document.all) {
    // this is the way old msie versions work
    res = flip(document.all[szDivId]);
  }
  if(elem) {
    if(res == 0) elem.innerHTML = msg1; else elem.innerHTML = msg2;
  }

}

function toggleAllBoxes() {
  if (document.getElementsByTagName) {
    d = document.getElementsByTagName('div');
    for (i = 0; i < d.length; i++) {
      if (d[i].className == 'log') {
        flip(d[i]);
      }
    }
  }
}

// -->
</script>

</head>
<body>
<h2 align='center'>Test</h2><table border='1' align="center">
<tr>
<td>Tests passed/Failed/Skipped:</td><td>16/3/0</td>
</tr><tr>
<td>Started on:</td><td>Wed Jun 05 12:02:50 IST 2024</td>
</tr>
<tr><td>Total time:</td><td>136 seconds (136606 ms)</td>
</tr><tr>
<td>Included groups:</td><td></td>
</tr><tr>
<td>Excluded groups:</td><td></td>
</tr>
</table><p/>
<small><i>(Hover the method name to see the test class name)</i></small><p/>
<table width='100%' border='1' class='invocation-failed'>
<tr><td colspan='4' align='center'><b>FAILED TESTS</b></td></tr>
<tr><td><b>Test method</b></td>
<td><b>Attribute(s)</b></td>
<td width="30%"><b>Exception</b></td>
<td width="10%"><b>Time (seconds)</b></td>
<td><b>Instance</b></td>
</tr>
<tr>
<td title='AutomationTestCases.ContactUsForm_TestCasespage_ValidateProductsPage.RemoveProductsFromCart()'><b>RemoveProductsFromCart</b><br>Test class: AutomationTestCases.ContactUsForm_TestCasespage_ValidateProductsPage<br/>
<a href="#Output-426014054" onClick='toggleBox("Output-426014054", this, "Show output", "Hide output");'>Show output</a>

<a href="#Output-426014054" onClick="toggleAllBoxes();">Show all outputs</a>
<div class='log' id="Output-426014054">
Click to see ScreenShot<br/>
</div>
</td>
<td><div><pre>java.lang.NullPointerException: Cannot invoke &quot;org.openqa.selenium.WebDriver.findElement(org.openqa.selenium.By)&quot; because &quot;driver&quot; is null
	at org.openqa.selenium.support.ui.ExpectedConditions$7.apply(ExpectedConditions.java:194)
	at org.openqa.selenium.support.ui.ExpectedConditions$7.apply(ExpectedConditions.java:190)
	at org.openqa.selenium.support.ui.ExpectedConditions$22.apply(ExpectedConditions.java:627)
	at org.openqa.selenium.support.ui.ExpectedConditions$22.apply(ExpectedConditions.java:624)
	at org.openqa.selenium.support.ui.FluentWait.until(FluentWait.java:203)
	at PageObjectsOfAutomation.ContactUsPage.ClickONDeleFromCartButton(ContactUsPage.java:456)
	at AutomationTestCases.ContactUsForm_TestCasespage_ValidateProductsPage.RemoveProductsFromCart(ContactUsForm_TestCasespage_ValidateProductsPage.java:156)
	at java.base/java.util.ArrayList.forEach(ArrayList.java:1511)
... Removed 27 stack frames</pre></div><a href='#' onClick='toggleBox("stack-trace426014054", this, "Click to show all stack frames", "Click to hide stack frames")'>Click to show all stack frames</a>
<div class='stack-trace' id='stack-trace426014054'><pre>java.lang.NullPointerException: Cannot invoke &quot;org.openqa.selenium.WebDriver.findElement(org.openqa.selenium.By)&quot; because &quot;driver&quot; is null
	at org.openqa.selenium.support.ui.ExpectedConditions$7.apply(ExpectedConditions.java:194)
	at org.openqa.selenium.support.ui.ExpectedConditions$7.apply(ExpectedConditions.java:190)
	at org.openqa.selenium.support.ui.ExpectedConditions$22.apply(ExpectedConditions.java:627)
	at org.openqa.selenium.support.ui.ExpectedConditions$22.apply(ExpectedConditions.java:624)
	at org.openqa.selenium.support.ui.FluentWait.until(FluentWait.java:203)
	at PageObjectsOfAutomation.ContactUsPage.ClickONDeleFromCartButton(ContactUsPage.java:456)
	at AutomationTestCases.ContactUsForm_TestCasespage_ValidateProductsPage.RemoveProductsFromCart(ContactUsForm_TestCasespage_ValidateProductsPage.java:156)
	at java.base/jdk.internal.reflect.NativeMethodAccessorImpl.invoke0(Native Method)
	at java.base/jdk.internal.reflect.NativeMethodAccessorImpl.invoke(NativeMethodAccessorImpl.java:77)
	at java.base/jdk.internal.reflect.DelegatingMethodAccessorImpl.invoke(DelegatingMethodAccessorImpl.java:43)
	at java.base/java.lang.reflect.Method.invoke(Method.java:568)
	at org.testng.internal.invokers.MethodInvocationHelper.invokeMethod(MethodInvocationHelper.java:139)
	at org.testng.internal.invokers.TestInvoker.invokeMethod(TestInvoker.java:664)
	at org.testng.internal.invokers.TestInvoker.invokeTestMethod(TestInvoker.java:228)
	at org.testng.internal.invokers.MethodRunner.runInSequence(MethodRunner.java:63)
	at org.testng.internal.invokers.TestInvoker$MethodInvocationAgent.invoke(TestInvoker.java:961)
	at org.testng.internal.invokers.TestInvoker.invokeTestMethods(TestInvoker.java:201)
	at org.testng.internal.invokers.TestMethodWorker.invokeTestMethods(TestMethodWorker.java:148)
	at org.testng.internal.invokers.TestMethodWorker.run(TestMethodWorker.java:128)
	at java.base/java.util.ArrayList.forEach(ArrayList.java:1511)
	at org.testng.TestRunner.privateRun(TestRunner.java:819)
	at org.testng.TestRunner.run(TestRunner.java:619)
	at org.testng.SuiteRunner.runTest(SuiteRunner.java:443)
	at org.testng.SuiteRunner.runSequentially(SuiteRunner.java:437)
	at org.testng.SuiteRunner.privateRun(SuiteRunner.java:397)
	at org.testng.SuiteRunner.run(SuiteRunner.java:336)
	at org.testng.SuiteRunnerWorker.runSuite(SuiteRunnerWorker.java:52)
	at org.testng.SuiteRunnerWorker.run(SuiteRunnerWorker.java:95)
	at org.testng.TestNG.runSuitesSequentially(TestNG.java:1301)
	at org.testng.TestNG.runSuitesLocally(TestNG.java:1228)
	at org.testng.TestNG.runSuites(TestNG.java:1134)
	at org.testng.TestNG.run(TestNG.java:1101)
	at org.testng.remote.AbstractRemoteTestNG.run(AbstractRemoteTestNG.java:115)
	at org.testng.remote.RemoteTestNG.initAndRun(RemoteTestNG.java:293)
	at org.testng.remote.RemoteTestNG.main(RemoteTestNG.java:91)
</pre></div></td>
<td>5</td>
<td>AutomationTestCases.ContactUsForm_TestCasespage_ValidateProductsPage@78aa1f72</td></tr>
<tr>
<td title='AutomationTestCases.ContactUsForm_TestCasespage_ValidateProductsPage.AddProductToCart()'><b>AddProductToCart</b><br>Test class: AutomationTestCases.ContactUsForm_TestCasespage_ValidateProductsPage<br/>
<a href="#Output-1736238361" onClick='toggleBox("Output-1736238361", this, "Show output", "Hide output");'>Show output</a>

<a href="#Output-1736238361" onClick="toggleAllBoxes();">Show all outputs</a>
<div class='log' id="Output-1736238361">
Click to see ScreenShot<br/>
</div>
</td>
<td><div><pre>org.openqa.selenium.NoSuchElementException: no such element: Unable to locate element: {&quot;method&quot;:&quot;xpath&quot;,&quot;selector&quot;:&quot;//div[@class=&apos;product-information&apos;]&quot;}
  (Session info: chrome=125.0.6422.141)
For documentation on this error, please visit: https://www.selenium.dev/documentation/webdriver/troubleshooting/errors#no-such-element-exception
Build info: version: &apos;4.19.1&apos;, revision: &apos;abe0ee07dc&apos;
System info: os.name: &apos;Windows 11&apos;, os.arch: &apos;amd64&apos;, os.version: &apos;10.0&apos;, java.version: &apos;17.0.10&apos;
Driver info: org.openqa.selenium.chrome.ChromeDriver
Command: [7f8da286242da71562daaa7f3b418594, findElement {value=//div[@class=&apos;product-information&apos;], using=xpath}]
Capabilities {acceptInsecureCerts: false, browserName: chrome, browserVersion: 125.0.6422.141, chrome: {chromedriverVersion: 125.0.6422.141 (4b1e8393712..., userDataDir: C:\Users\Rahul\AppData\Loca...}, fedcm:accounts: true, goog:chromeOptions: {debuggerAddress: localhost:50219}, networkConnectionEnabled: false, pageLoadStrategy: normal, platformName: windows, proxy: Proxy(), se:cdp: ws://localhost:50219/devtoo..., se:cdpVersion: 125.0.6422.141, setWindowRect: true, strictFileInteractability: false, timeouts: {implicit: 0, pageLoad: 300000, script: 30000}, unhandledPromptBehavior: dismiss and notify, webauthn:extension:credBlob: true, webauthn:extension:largeBlob: true, webauthn:extension:minPinLength: true, webauthn:extension:prf: true, webauthn:virtualAuthenticators: true}
Session ID: 7f8da286242da71562daaa7f3b418594
	at org.openqa.selenium.remote.ErrorCodec.decode(ErrorCodec.java:167)
	at org.openqa.selenium.remote.codec.w3c.W3CHttpResponseCodec.decode(W3CHttpResponseCodec.java:138)
	at org.openqa.selenium.remote.codec.w3c.W3CHttpResponseCodec.decode(W3CHttpResponseCodec.java:50)
	at org.openqa.selenium.remote.HttpCommandExecutor.execute(HttpCommandExecutor.java:190)
	at org.openqa.selenium.remote.service.DriverCommandExecutor.invokeExecute(DriverCommandExecutor.java:216)
	at org.openqa.selenium.remote.service.DriverCommandExecutor.execute(DriverCommandExecutor.java:174)
	at org.openqa.selenium.remote.RemoteWebDriver.execute(RemoteWebDriver.java:518)
	at org.openqa.selenium.remote.ElementLocation$ElementFinder$2.findElement(ElementLocation.java:165)
	at org.openqa.selenium.remote.ElementLocation.findElement(ElementLocation.java:59)
	at org.openqa.selenium.remote.RemoteWebDriver.findElement(RemoteWebDriver.java:355)
	at org.openqa.selenium.remote.RemoteWebDriver.findElement(RemoteWebDriver.java:349)
	at org.openqa.selenium.support.pagefactory.DefaultElementLocator.findElement(DefaultElementLocator.java:68)
	at org.openqa.selenium.support.pagefactory.internal.LocatingElementHandler.invoke(LocatingElementHandler.java:38)
	at jdk.proxy2/jdk.proxy2.$Proxy14.findElement(Unknown Source)
	at PageObjectsOfAutomation.ContactUsPage.ValidateProductInfo(ContactUsPage.java:263)
	at AutomationTestCases.ContactUsForm_TestCasespage_ValidateProductsPage.AddProductToCart(ContactUsForm_TestCasespage_ValidateProductsPage.java:70)
	at java.base/java.util.ArrayList.forEach(ArrayList.java:1511)
... Removed 32 stack frames</pre></div><a href='#' onClick='toggleBox("stack-trace1736238361", this, "Click to show all stack frames", "Click to hide stack frames")'>Click to show all stack frames</a>
<div class='stack-trace' id='stack-trace1736238361'><pre>org.openqa.selenium.NoSuchElementException: no such element: Unable to locate element: {&quot;method&quot;:&quot;xpath&quot;,&quot;selector&quot;:&quot;//div[@class=&apos;product-information&apos;]&quot;}
  (Session info: chrome=125.0.6422.141)
For documentation on this error, please visit: https://www.selenium.dev/documentation/webdriver/troubleshooting/errors#no-such-element-exception
Build info: version: &apos;4.19.1&apos;, revision: &apos;abe0ee07dc&apos;
System info: os.name: &apos;Windows 11&apos;, os.arch: &apos;amd64&apos;, os.version: &apos;10.0&apos;, java.version: &apos;17.0.10&apos;
Driver info: org.openqa.selenium.chrome.ChromeDriver
Command: [7f8da286242da71562daaa7f3b418594, findElement {value=//div[@class=&apos;product-information&apos;], using=xpath}]
Capabilities {acceptInsecureCerts: false, browserName: chrome, browserVersion: 125.0.6422.141, chrome: {chromedriverVersion: 125.0.6422.141 (4b1e8393712..., userDataDir: C:\Users\Rahul\AppData\Loca...}, fedcm:accounts: true, goog:chromeOptions: {debuggerAddress: localhost:50219}, networkConnectionEnabled: false, pageLoadStrategy: normal, platformName: windows, proxy: Proxy(), se:cdp: ws://localhost:50219/devtoo..., se:cdpVersion: 125.0.6422.141, setWindowRect: true, strictFileInteractability: false, timeouts: {implicit: 0, pageLoad: 300000, script: 30000}, unhandledPromptBehavior: dismiss and notify, webauthn:extension:credBlob: true, webauthn:extension:largeBlob: true, webauthn:extension:minPinLength: true, webauthn:extension:prf: true, webauthn:virtualAuthenticators: true}
Session ID: 7f8da286242da71562daaa7f3b418594
	at java.base/jdk.internal.reflect.NativeConstructorAccessorImpl.newInstance0(Native Method)
	at java.base/jdk.internal.reflect.NativeConstructorAccessorImpl.newInstance(NativeConstructorAccessorImpl.java:77)
	at java.base/jdk.internal.reflect.DelegatingConstructorAccessorImpl.newInstance(DelegatingConstructorAccessorImpl.java:45)
	at java.base/java.lang.reflect.Constructor.newInstanceWithCaller(Constructor.java:499)
	at java.base/java.lang.reflect.Constructor.newInstance(Constructor.java:480)
	at org.openqa.selenium.remote.ErrorCodec.decode(ErrorCodec.java:167)
	at org.openqa.selenium.remote.codec.w3c.W3CHttpResponseCodec.decode(W3CHttpResponseCodec.java:138)
	at org.openqa.selenium.remote.codec.w3c.W3CHttpResponseCodec.decode(W3CHttpResponseCodec.java:50)
	at org.openqa.selenium.remote.HttpCommandExecutor.execute(HttpCommandExecutor.java:190)
	at org.openqa.selenium.remote.service.DriverCommandExecutor.invokeExecute(DriverCommandExecutor.java:216)
	at org.openqa.selenium.remote.service.DriverCommandExecutor.execute(DriverCommandExecutor.java:174)
	at org.openqa.selenium.remote.RemoteWebDriver.execute(RemoteWebDriver.java:518)
	at org.openqa.selenium.remote.ElementLocation$ElementFinder$2.findElement(ElementLocation.java:165)
	at org.openqa.selenium.remote.ElementLocation.findElement(ElementLocation.java:59)
	at org.openqa.selenium.remote.RemoteWebDriver.findElement(RemoteWebDriver.java:355)
	at org.openqa.selenium.remote.RemoteWebDriver.findElement(RemoteWebDriver.java:349)
	at org.openqa.selenium.support.pagefactory.DefaultElementLocator.findElement(DefaultElementLocator.java:68)
	at org.openqa.selenium.support.pagefactory.internal.LocatingElementHandler.invoke(LocatingElementHandler.java:38)
	at jdk.proxy2/jdk.proxy2.$Proxy14.findElement(Unknown Source)
	at PageObjectsOfAutomation.ContactUsPage.ValidateProductInfo(ContactUsPage.java:263)
	at AutomationTestCases.ContactUsForm_TestCasespage_ValidateProductsPage.AddProductToCart(ContactUsForm_TestCasespage_ValidateProductsPage.java:70)
	at java.base/jdk.internal.reflect.NativeMethodAccessorImpl.invoke0(Native Method)
	at java.base/jdk.internal.reflect.NativeMethodAccessorImpl.invoke(NativeMethodAccessorImpl.java:77)
	at java.base/jdk.internal.reflect.DelegatingMethodAccessorImpl.invoke(DelegatingMethodAccessorImpl.java:43)
	at java.base/java.lang.reflect.Method.invoke(Method.java:568)
	at org.testng.internal.invokers.MethodInvocationHelper.invokeMethod(MethodInvocationHelper.java:139)
	at org.testng.internal.invokers.TestInvoker.invokeMethod(TestInvoker.java:664)
	at org.testng.internal.invokers.TestInvoker.invokeTestMethod(TestInvoker.java:228)
	at org.testng.internal.invokers.MethodRunner.runInSequence(MethodRunner.java:63)
	at org.testng.internal.invokers.TestInvoker$MethodInvocationAgent.invoke(TestInvoker.java:961)
	at org.testng.internal.invokers.TestInvoker.invokeTestMethods(TestInvoker.java:201)
	at org.testng.internal.invokers.TestMethodWorker.invokeTestMethods(TestMethodWorker.java:148)
	at org.testng.internal.invokers.TestMethodWorker.run(TestMethodWorker.java:128)
	at java.base/java.util.ArrayList.forEach(ArrayList.java:1511)
	at org.testng.TestRunner.privateRun(TestRunner.java:819)
	at org.testng.TestRunner.run(TestRunner.java:619)
	at org.testng.SuiteRunner.runTest(SuiteRunner.java:443)
	at org.testng.SuiteRunner.runSequentially(SuiteRunner.java:437)
	at org.testng.SuiteRunner.privateRun(SuiteRunner.java:397)
	at org.testng.SuiteRunner.run(SuiteRunner.java:336)
	at org.testng.SuiteRunnerWorker.runSuite(SuiteRunnerWorker.java:52)
	at org.testng.SuiteRunnerWorker.run(SuiteRunnerWorker.java:95)
	at org.testng.TestNG.runSuitesSequentially(TestNG.java:1301)
	at org.testng.TestNG.runSuitesLocally(TestNG.java:1228)
	at org.testng.TestNG.runSuites(TestNG.java:1134)
	at org.testng.TestNG.run(TestNG.java:1101)
	at org.testng.remote.AbstractRemoteTestNG.run(AbstractRemoteTestNG.java:115)
	at org.testng.remote.RemoteTestNG.initAndRun(RemoteTestNG.java:293)
	at org.testng.remote.RemoteTestNG.main(RemoteTestNG.java:91)
</pre></div></td>
<td>17</td>
<td>AutomationTestCases.ContactUsForm_TestCasespage_ValidateProductsPage@78aa1f72</td></tr>
<tr>
<td title='AutomationTestCases.ContactUsForm_TestCasespage_ValidateProductsPage.LoginbeforeCheckout()'><b>LoginbeforeCheckout</b><br>Test class: AutomationTestCases.ContactUsForm_TestCasespage_ValidateProductsPage<br/>
<a href="#Output-1382382943" onClick='toggleBox("Output-1382382943", this, "Show output", "Hide output");'>Show output</a>

<a href="#Output-1382382943" onClick="toggleAllBoxes();">Show all outputs</a>
<div class='log' id="Output-1382382943">
Click to see ScreenShot<br/>
</div>
</td>
<td><div><pre>java.lang.NullPointerException: Cannot invoke &quot;Object.getClass()&quot; because &quot;exceptionDriver&quot; is null
	at org.openqa.selenium.support.ui.WebDriverWait.timeoutException(WebDriverWait.java:85)
	at org.openqa.selenium.support.ui.FluentWait.until(FluentWait.java:228)
	at PageObjectsOfAutomation.HomePageObjects.clickOnSignUp(HomePageObjects.java:148)
	at AutomationTestCases.LoginTestCase.LoginAutomationFuntion(LoginTestCase.java:25)
	at AutomationTestCases.ContactUsForm_TestCasespage_ValidateProductsPage.LoginbeforeCheckout(ContactUsForm_TestCasespage_ValidateProductsPage.java:124)
	at java.base/java.util.ArrayList.forEach(ArrayList.java:1511)
... Removed 27 stack frames</pre></div><a href='#' onClick='toggleBox("stack-trace1382382943", this, "Click to show all stack frames", "Click to hide stack frames")'>Click to show all stack frames</a>
<div class='stack-trace' id='stack-trace1382382943'><pre>java.lang.NullPointerException: Cannot invoke &quot;Object.getClass()&quot; because &quot;exceptionDriver&quot; is null
	at org.openqa.selenium.support.ui.WebDriverWait.timeoutException(WebDriverWait.java:85)
	at org.openqa.selenium.support.ui.FluentWait.until(FluentWait.java:228)
	at PageObjectsOfAutomation.HomePageObjects.clickOnSignUp(HomePageObjects.java:148)
	at AutomationTestCases.LoginTestCase.LoginAutomationFuntion(LoginTestCase.java:25)
	at AutomationTestCases.ContactUsForm_TestCasespage_ValidateProductsPage.LoginbeforeCheckout(ContactUsForm_TestCasespage_ValidateProductsPage.java:124)
	at java.base/jdk.internal.reflect.NativeMethodAccessorImpl.invoke0(Native Method)
	at java.base/jdk.internal.reflect.NativeMethodAccessorImpl.invoke(NativeMethodAccessorImpl.java:77)
	at java.base/jdk.internal.reflect.DelegatingMethodAccessorImpl.invoke(DelegatingMethodAccessorImpl.java:43)
	at java.base/java.lang.reflect.Method.invoke(Method.java:568)
	at org.testng.internal.invokers.MethodInvocationHelper.invokeMethod(MethodInvocationHelper.java:139)
	at org.testng.internal.invokers.TestInvoker.invokeMethod(TestInvoker.java:664)
	at org.testng.internal.invokers.TestInvoker.invokeTestMethod(TestInvoker.java:228)
	at org.testng.internal.invokers.MethodRunner.runInSequence(MethodRunner.java:63)
	at org.testng.internal.invokers.TestInvoker$MethodInvocationAgent.invoke(TestInvoker.java:961)
	at org.testng.internal.invokers.TestInvoker.invokeTestMethods(TestInvoker.java:201)
	at org.testng.internal.invokers.TestMethodWorker.invokeTestMethods(TestMethodWorker.java:148)
	at org.testng.internal.invokers.TestMethodWorker.run(TestMethodWorker.java:128)
	at java.base/java.util.ArrayList.forEach(ArrayList.java:1511)
	at org.testng.TestRunner.privateRun(TestRunner.java:819)
	at org.testng.TestRunner.run(TestRunner.java:619)
	at org.testng.SuiteRunner.runTest(SuiteRunner.java:443)
	at org.testng.SuiteRunner.runSequentially(SuiteRunner.java:437)
	at org.testng.SuiteRunner.privateRun(SuiteRunner.java:397)
	at org.testng.SuiteRunner.run(SuiteRunner.java:336)
	at org.testng.SuiteRunnerWorker.runSuite(SuiteRunnerWorker.java:52)
	at org.testng.SuiteRunnerWorker.run(SuiteRunnerWorker.java:95)
	at org.testng.TestNG.runSuitesSequentially(TestNG.java:1301)
	at org.testng.TestNG.runSuitesLocally(TestNG.java:1228)
	at org.testng.TestNG.runSuites(TestNG.java:1134)
	at org.testng.TestNG.run(TestNG.java:1101)
	at org.testng.remote.AbstractRemoteTestNG.run(AbstractRemoteTestNG.java:115)
	at org.testng.remote.RemoteTestNG.initAndRun(RemoteTestNG.java:293)
	at org.testng.remote.RemoteTestNG.main(RemoteTestNG.java:91)
</pre></div></td>
<td>30</td>
<td>AutomationTestCases.ContactUsForm_TestCasespage_ValidateProductsPage@78aa1f72</td></tr>
</table><p>
<table width='100%' border='1' class='invocation-passed'>
<tr><td colspan='4' align='center'><b>PASSED TESTS</b></td></tr>
<tr><td><b>Test method</b></td>
<td><b>Attribute(s)</b></td>
<td width="30%"><b>Exception</b></td>
<td width="10%"><b>Time (seconds)</b></td>
<td><b>Instance</b></td>
</tr>
<tr>
<td title='AutomationTestCases.RegisterUser.DeleteAccount()'><b>DeleteAccount</b><br>Test class: AutomationTestCases.RegisterUser</td>
<td></td>
<td>0</td>
<td>AutomationTestCases.RegisterUser@4032d386</td></tr>
<tr>
<td title='AutomationTestCases.LoginTestCase.ValidateSubscrition()'><b>ValidateSubscrition</b><br>Test class: AutomationTestCases.LoginTestCase</td>
<td></td>
<td>0</td>
<td>AutomationTestCases.LoginTestCase@1f75a668</td></tr>
<tr>
<td title='AutomationTestCases.ContactUsForm_TestCasespage_ValidateProductsPage.ValidateProductsPage()'><b>ValidateProductsPage</b><br>Test class: AutomationTestCases.ContactUsForm_TestCasespage_ValidateProductsPage</td>
<td></td>
<td>2</td>
<td>AutomationTestCases.ContactUsForm_TestCasespage_ValidateProductsPage@78aa1f72</td></tr>
<tr>
<td title='AutomationTestCases.ContactUsForm_TestCasespage_ValidateProductsPage.ValidateSearchedPrductFution()'><b>ValidateSearchedPrductFution</b><br>Test class: AutomationTestCases.ContactUsForm_TestCasespage_ValidateProductsPage</td>
<td></td>
<td>5</td>
<td>AutomationTestCases.ContactUsForm_TestCasespage_ValidateProductsPage@78aa1f72</td></tr>
<tr>
<td title='AutomationTestCases.LoginTestCase.ValidateLoginWithInvalidaCreds()'><b>ValidateLoginWithInvalidaCreds</b><br>Test class: AutomationTestCases.LoginTestCase</td>
<td></td>
<td>2</td>
<td>AutomationTestCases.LoginTestCase@1f75a668</td></tr>
<tr>
<td title='AutomationTestCases.LoginTestCase.ValidateSubscitionFromCart()'><b>ValidateSubscitionFromCart</b><br>Test class: AutomationTestCases.LoginTestCase</td>
<td></td>
<td>1</td>
<td>AutomationTestCases.LoginTestCase@1f75a668</td></tr>
<tr>
<td title='AutomationTestCases.ContactUsForm_TestCasespage_ValidateProductsPage.ValidateCheckOutItems()'><b>ValidateCheckOutItems</b><br>Test class: AutomationTestCases.ContactUsForm_TestCasespage_ValidateProductsPage</td>
<td></td>
<td>15</td>
<td>AutomationTestCases.ContactUsForm_TestCasespage_ValidateProductsPage@78aa1f72</td></tr>
<tr>
<td title='AutomationTestCases.RegisterUser.RegiesterWithSameEamil()'><b>RegiesterWithSameEamil</b><br>Test class: AutomationTestCases.RegisterUser</td>
<td></td>
<td>1</td>
<td>AutomationTestCases.RegisterUser@4032d386</td></tr>
<tr>
<td title='AutomationTestCases.RegisterUser.SignUp()'><b>SignUp</b><br>Test class: AutomationTestCases.RegisterUser</td>
<td></td>
<td>5</td>
<td>AutomationTestCases.RegisterUser@4032d386</td></tr>
<tr>
<td title='AutomationTestCases.LoginTestCase.ValidateLogoutFuntion()'><b>ValidateLogoutFuntion</b><br>Test class: AutomationTestCases.LoginTestCase</td>
<td></td>
<td>1</td>
<td>AutomationTestCases.LoginTestCase@1f75a668</td></tr>
<tr>
<td title='AutomationTestCases.LoginTestCase.LoginAutomationFuntion()'><b>LoginAutomationFuntion</b><br>Test class: AutomationTestCases.LoginTestCase</td>
<td></td>
<td>11</td>
<td>AutomationTestCases.LoginTestCase@1f75a668</td></tr>
<tr>
<td title='AutomationTestCases.RegisterUser.ClickOnSignuplink()'><b>ClickOnSignuplink</b><br>Test class: AutomationTestCases.RegisterUser</td>
<td></td>
<td>0</td>
<td>AutomationTestCases.RegisterUser@4032d386</td></tr>
<tr>
<td title='AutomationTestCases.ContactUsForm_TestCasespage_ValidateProductsPage.ValidateContact()'><b>ValidateContact</b><br>Test class: AutomationTestCases.ContactUsForm_TestCasespage_ValidateProductsPage</td>
<td></td>
<td>3</td>
<td>AutomationTestCases.ContactUsForm_TestCasespage_ValidateProductsPage@78aa1f72</td></tr>
<tr>
<td title='RoughPKG.TestCase.SssignUp()'><b>SssignUp</b><br>Test class: RoughPKG.TestCase</td>
<td></td>
<td>0</td>
<td>RoughPKG.TestCase@6d026701</td></tr>
<tr>
<td title='AutomationTestCases.ContactUsForm_TestCasespage_ValidateProductsPage.ValidateTestCasePage()'><b>ValidateTestCasePage</b><br>Test class: AutomationTestCases.ContactUsForm_TestCasespage_ValidateProductsPage</td>
<td></td>
<td>0</td>
<td>AutomationTestCases.ContactUsForm_TestCasespage_ValidateProductsPage@78aa1f72</td></tr>
<tr>
<td title='AutomationTestCases.ContactUsForm_TestCasespage_ValidateProductsPage.AddMoreItemsToCart()'><b>AddMoreItemsToCart</b><br>Test class: AutomationTestCases.ContactUsForm_TestCasespage_ValidateProductsPage</td>
<td></td>
<td>4</td>
<td>AutomationTestCases.ContactUsForm_TestCasespage_ValidateProductsPage@78aa1f72</td></tr>
</table><p>
</body>
</html>